<?xml version="1.0" encoding="UTF-8"?>
<!-- Generated by org.testng.reporters.JUnitReportReporter -->
<testsuite hostname="DESKTOP-430T6C4" failures="0" tests="4" name="restAssuredpakage.HttpReq" time="5.821" errors="0" timestamp="2023-04-21T23:03:36 IST" skipped="0">
  <testcase classname="restAssuredpakage.HttpReq" name="Getrequest" time="3.443"/>
  <system-out/>
  <testcase classname="restAssuredpakage.HttpReq" name="postRequest" time="1.131"/>
  <system-out/>
  <testcase classname="restAssuredpakage.HttpReq" name="UpdatRequest" time="0.624"/>
  <system-out/>
  <testcase classname="restAssuredpakage.HttpReq" name="deletuser" time="0.623"/>
  <system-out/>
</testsuite> <!-- restAssuredpakage.HttpReq -->
