<?xml version="1.0" encoding="UTF-8"?>
<!-- Generated by org.testng.reporters.JUnitReportReporter -->
<testsuite hostname="DESKTOP-430T6C4" failures="0" tests="3" name="restAssured.HttpRequest" time="5.325" errors="0" timestamp="2023-04-21T23:31:21 IST" skipped="0">
  <testcase classname="restAssured.HttpRequest" name="Getrequest" time="3.615"/>
  <system-out/>
  <testcase classname="restAssured.HttpRequest" name="postRequest" time="0.955"/>
  <system-out/>
  <testcase classname="restAssured.HttpRequest" name="UpdatRequest" time="0.755"/>
  <system-out/>
</testsuite> <!-- restAssured.HttpRequest -->
