<?xml version="1.0" encoding="UTF-8"?>
<!-- Generated by org.testng.reporters.JUnitReportReporter -->
<testsuite hostname="DESKTOP-430T6C4" failures="0" tests="1" name="testCases.LoginTest" time="9.911" errors="0" timestamp="2023-04-15T18:14:03 IST" skipped="0">
  <testcase classname="testCases.LoginTest" name="TestMethod" time="9.911"/>
  <system-out/>
</testsuite> <!-- testCases.LoginTest -->
